running egg_info
writing ../../build/fishbot_application/fishbot_application.egg-info/PKG-INFO
writing dependency_links to ../../build/fishbot_application/fishbot_application.egg-info/dependency_links.txt
writing entry points to ../../build/fishbot_application/fishbot_application.egg-info/entry_points.txt
writing requirements to ../../build/fishbot_application/fishbot_application.egg-info/requires.txt
writing top-level names to ../../build/fishbot_application/fishbot_application.egg-info/top_level.txt
reading manifest file '../../build/fishbot_application/fishbot_application.egg-info/SOURCES.txt'
writing manifest file '../../build/fishbot_application/fishbot_application.egg-info/SOURCES.txt'
running build
running build_py
copying fishbot_application/path_controller.py -> /home/azf/slam_ws/build/fishbot_application/build/lib/fishbot_application
copying fishbot_application/path_visualizer.py -> /home/azf/slam_ws/build/fishbot_application/build/lib/fishbot_application
running install
running install_lib
copying /home/azf/slam_ws/build/fishbot_application/build/lib/fishbot_application/path_controller.py -> /home/azf/slam_ws/install/fishbot_application/lib/python3.10/site-packages/fishbot_application
copying /home/azf/slam_ws/build/fishbot_application/build/lib/fishbot_application/path_visualizer.py -> /home/azf/slam_ws/install/fishbot_application/lib/python3.10/site-packages/fishbot_application
byte-compiling /home/azf/slam_ws/install/fishbot_application/lib/python3.10/site-packages/fishbot_application/path_controller.py to path_controller.cpython-310.pyc
byte-compiling /home/azf/slam_ws/install/fishbot_application/lib/python3.10/site-packages/fishbot_application/path_visualizer.py to path_visualizer.cpython-310.pyc
running install_data
copying package.xml -> /home/azf/slam_ws/install/fishbot_application/share/fishbot_application
running install_egg_info
removing '/home/azf/slam_ws/install/fishbot_application/lib/python3.10/site-packages/fishbot_application-0.0.0-py3.10.egg-info' (and everything under it)
Copying ../../build/fishbot_application/fishbot_application.egg-info to /home/azf/slam_ws/install/fishbot_application/lib/python3.10/site-packages/fishbot_application-0.0.0-py3.10.egg-info
running install_scripts
Installing get_robot_pose script to /home/azf/slam_ws/install/fishbot_application/lib/fishbot_application
Installing init_robot_pose script to /home/azf/slam_ws/install/fishbot_application/lib/fishbot_application
Installing path_controller script to /home/azf/slam_ws/install/fishbot_application/lib/fishbot_application
Installing path_visualizer script to /home/azf/slam_ws/install/fishbot_application/lib/fishbot_application
writing list of installed files to '/home/azf/slam_ws/build/fishbot_application/install.log'
