[0.940s] Invoking command in '/home/azf/slam_ws/src/fishbot_application': PYTHONPATH=/home/azf/slam_ws/build/fishbot_application/prefix_override:/usr/lib/python3/dist-packages/colcon_core/task/python/colcon_distutils_commands:/home/azf/slam_ws/install/fishbot_application/lib/python3.10/site-packages:${PYTHONPATH} /usr/bin/python3 -W ignore:setup.py install is deprecated -W ignore:easy_install command is deprecated setup.py egg_info --egg-base ../../build/fishbot_application build --build-base /home/azf/slam_ws/build/fishbot_application/build install --record /home/azf/slam_ws/build/fishbot_application/install.log --single-version-externally-managed install_data
[1.269s] running egg_info
[1.270s] writing ../../build/fishbot_application/fishbot_application.egg-info/PKG-INFO
[1.271s] writing dependency_links to ../../build/fishbot_application/fishbot_application.egg-info/dependency_links.txt
[1.275s] writing entry points to ../../build/fishbot_application/fishbot_application.egg-info/entry_points.txt
[1.276s] writing requirements to ../../build/fishbot_application/fishbot_application.egg-info/requires.txt
[1.278s] writing top-level names to ../../build/fishbot_application/fishbot_application.egg-info/top_level.txt
[1.280s] reading manifest file '../../build/fishbot_application/fishbot_application.egg-info/SOURCES.txt'
[1.281s] writing manifest file '../../build/fishbot_application/fishbot_application.egg-info/SOURCES.txt'
[1.282s] running build
[1.283s] running build_py
[1.284s] running install
[1.288s] running install_lib
[1.289s] running install_data
[1.290s] running install_egg_info
[1.290s] removing '/home/azf/slam_ws/install/fishbot_application/lib/python3.10/site-packages/fishbot_application-0.0.0-py3.10.egg-info' (and everything under it)
[1.291s] Copying ../../build/fishbot_application/fishbot_application.egg-info to /home/azf/slam_ws/install/fishbot_application/lib/python3.10/site-packages/fishbot_application-0.0.0-py3.10.egg-info
[1.292s] running install_scripts
[1.309s] Installing get_robot_pose script to /home/azf/slam_ws/install/fishbot_application/lib/fishbot_application
[1.310s] Installing init_robot_pose script to /home/azf/slam_ws/install/fishbot_application/lib/fishbot_application
[1.310s] Installing path_controller script to /home/azf/slam_ws/install/fishbot_application/lib/fishbot_application
[1.310s] Installing path_visualizer script to /home/azf/slam_ws/install/fishbot_application/lib/fishbot_application
[1.311s] writing list of installed files to '/home/azf/slam_ws/build/fishbot_application/install.log'
[1.333s] Invoked command in '/home/azf/slam_ws/src/fishbot_application' returned '0': PYTHONPATH=/home/azf/slam_ws/build/fishbot_application/prefix_override:/usr/lib/python3/dist-packages/colcon_core/task/python/colcon_distutils_commands:/home/azf/slam_ws/install/fishbot_application/lib/python3.10/site-packages:${PYTHONPATH} /usr/bin/python3 -W ignore:setup.py install is deprecated -W ignore:easy_install command is deprecated setup.py egg_info --egg-base ../../build/fishbot_application build --build-base /home/azf/slam_ws/build/fishbot_application/build install --record /home/azf/slam_ws/build/fishbot_application/install.log --single-version-externally-managed install_data
