[0.585s] Invoking command in '/home/azf/slam_ws/build/fishbot_navigation2': CMAKE_PREFIX_PATH=${CMAKE_PREFIX_PATH}:/opt/ros/humble /usr/bin/cmake --build /home/azf/slam_ws/build/fishbot_navigation2 -- -j32 -l32
[0.896s] Invoked command in '/home/azf/slam_ws/build/fishbot_navigation2' returned '0': CMAKE_PREFIX_PATH=${CMAKE_PREFIX_PATH}:/opt/ros/humble /usr/bin/cmake --build /home/azf/slam_ws/build/fishbot_navigation2 -- -j32 -l32
[0.903s] Invoking command in '/home/azf/slam_ws/build/fishbot_navigation2': CMAKE_PREFIX_PATH=${CMAKE_PREFIX_PATH}:/opt/ros/humble /usr/bin/cmake --install /home/azf/slam_ws/build/fishbot_navigation2
[0.958s] -- Install configuration: ""
[0.958s] -- Up-to-date: /home/azf/slam_ws/install/fishbot_navigation2/share/fishbot_navigation2/launch
[0.958s] -- Up-to-date: /home/azf/slam_ws/install/fishbot_navigation2/share/fishbot_navigation2/launch/navigation2.launch.py
[0.959s] -- Up-to-date: /home/azf/slam_ws/install/fishbot_navigation2/share/fishbot_navigation2/maps
[0.959s] -- Up-to-date: /home/azf/slam_ws/install/fishbot_navigation2/share/fishbot_navigation2/maps/room.pgm
[0.959s] -- Up-to-date: /home/azf/slam_ws/install/fishbot_navigation2/share/fishbot_navigation2/maps/room.yaml
[0.960s] -- Up-to-date: /home/azf/slam_ws/install/fishbot_navigation2/share/fishbot_navigation2/config
[0.960s] -- Up-to-date: /home/azf/slam_ws/install/fishbot_navigation2/share/fishbot_navigation2/config/nav2_params.yaml
[0.960s] -- Up-to-date: /home/azf/slam_ws/install/fishbot_navigation2/share/ament_index/resource_index/package_run_dependencies/fishbot_navigation2
[0.961s] -- Up-to-date: /home/azf/slam_ws/install/fishbot_navigation2/share/ament_index/resource_index/parent_prefix_path/fishbot_navigation2
[0.961s] -- Up-to-date: /home/azf/slam_ws/install/fishbot_navigation2/share/fishbot_navigation2/environment/ament_prefix_path.sh
[0.961s] -- Up-to-date: /home/azf/slam_ws/install/fishbot_navigation2/share/fishbot_navigation2/environment/ament_prefix_path.dsv
[0.961s] -- Up-to-date: /home/azf/slam_ws/install/fishbot_navigation2/share/fishbot_navigation2/environment/path.sh
[0.962s] -- Up-to-date: /home/azf/slam_ws/install/fishbot_navigation2/share/fishbot_navigation2/environment/path.dsv
[0.962s] -- Up-to-date: /home/azf/slam_ws/install/fishbot_navigation2/share/fishbot_navigation2/local_setup.bash
[0.962s] -- Up-to-date: /home/azf/slam_ws/install/fishbot_navigation2/share/fishbot_navigation2/local_setup.sh
[0.962s] -- Up-to-date: /home/azf/slam_ws/install/fishbot_navigation2/share/fishbot_navigation2/local_setup.zsh
[0.963s] -- Up-to-date: /home/azf/slam_ws/install/fishbot_navigation2/share/fishbot_navigation2/local_setup.dsv
[0.963s] -- Installing: /home/azf/slam_ws/install/fishbot_navigation2/share/fishbot_navigation2/package.dsv
[0.964s] -- Up-to-date: /home/azf/slam_ws/install/fishbot_navigation2/share/ament_index/resource_index/packages/fishbot_navigation2
[0.964s] -- Up-to-date: /home/azf/slam_ws/install/fishbot_navigation2/share/fishbot_navigation2/cmake/fishbot_navigation2Config.cmake
[0.965s] -- Up-to-date: /home/azf/slam_ws/install/fishbot_navigation2/share/fishbot_navigation2/cmake/fishbot_navigation2Config-version.cmake
[0.965s] -- Up-to-date: /home/azf/slam_ws/install/fishbot_navigation2/share/fishbot_navigation2/package.xml
[0.975s] Invoked command in '/home/azf/slam_ws/build/fishbot_navigation2' returned '0': CMAKE_PREFIX_PATH=${CMAKE_PREFIX_PATH}:/opt/ros/humble /usr/bin/cmake --install /home/azf/slam_ws/build/fishbot_navigation2
