[0.037s] Invoking command in '/home/azf/slam_ws/build/fishbot_navigation2': CMAKE_PREFIX_PATH=/opt/ros/humble /usr/bin/cmake /home/azf/slam_ws/src/fishbot_navigation2 -DCMAKE_INSTALL_PREFIX=/home/azf/slam_ws/install/fishbot_navigation2
[0.257s] -- The C compiler identification is GNU 11.4.0
[0.447s] -- The CXX compiler identification is GNU 11.4.0
[0.459s] -- Detecting C compiler ABI info
[0.712s] -- Detecting C compiler ABI info - done
[0.718s] -- Check for working C compiler: /usr/bin/cc - skipped
[0.718s] -- Detecting C compile features
[0.720s] -- Detecting C compile features - done
[0.722s] -- Detecting CXX compiler ABI info
[0.921s] -- Detecting CXX compiler ABI info - done
[0.927s] -- Check for working CXX compiler: /usr/bin/c++ - skipped
[0.928s] -- Detecting CXX compile features
[0.930s] -- Detecting CXX compile features - done
[0.936s] -- Found ament_cmake: 1.3.11 (/opt/ros/humble/share/ament_cmake/cmake)
[1.205s] -- Found Python3: /usr/bin/python3 (found version "3.10.12") found components: Interpreter 
[1.455s] -- Found ament_lint_auto: 0.12.12 (/opt/ros/humble/share/ament_lint_auto/cmake)
[1.618s] -- Added test 'flake8' to check Python code syntax and style conventions
[1.620s] -- Added test 'lint_cmake' to check CMake code style
[1.621s] -- Added test 'pep257' to check Python code against some of the docstring style conventions in PEP 257
[1.632s] -- Added test 'xmllint' to check XML markup files
[1.646s] -- Configuring done
[1.651s] -- Generating done
[1.654s] -- Build files have been written to: /home/azf/slam_ws/build/fishbot_navigation2
[1.668s] Invoked command in '/home/azf/slam_ws/build/fishbot_navigation2' returned '0': CMAKE_PREFIX_PATH=/opt/ros/humble /usr/bin/cmake /home/azf/slam_ws/src/fishbot_navigation2 -DCMAKE_INSTALL_PREFIX=/home/azf/slam_ws/install/fishbot_navigation2
[1.669s] Invoking command in '/home/azf/slam_ws/build/fishbot_navigation2': CMAKE_PREFIX_PATH=/opt/ros/humble /usr/bin/cmake --build /home/azf/slam_ws/build/fishbot_navigation2 -- -j32 -l32
[1.757s] Invoked command in '/home/azf/slam_ws/build/fishbot_navigation2' returned '0': CMAKE_PREFIX_PATH=/opt/ros/humble /usr/bin/cmake --build /home/azf/slam_ws/build/fishbot_navigation2 -- -j32 -l32
[1.780s] Invoking command in '/home/azf/slam_ws/build/fishbot_navigation2': CMAKE_PREFIX_PATH=/opt/ros/humble /usr/bin/cmake --install /home/azf/slam_ws/build/fishbot_navigation2
[1.798s] -- Install configuration: ""
[1.798s] -- Installing: /home/azf/slam_ws/install/fishbot_navigation2/share/fishbot_navigation2/launch
[1.798s] -- Installing: /home/azf/slam_ws/install/fishbot_navigation2/share/fishbot_navigation2/launch/navigation2.launch.py
[1.798s] -- Installing: /home/azf/slam_ws/install/fishbot_navigation2/share/fishbot_navigation2/maps
[1.798s] -- Installing: /home/azf/slam_ws/install/fishbot_navigation2/share/fishbot_navigation2/maps/room.pgm
[1.798s] -- Installing: /home/azf/slam_ws/install/fishbot_navigation2/share/fishbot_navigation2/maps/room.yaml
[1.798s] -- Installing: /home/azf/slam_ws/install/fishbot_navigation2/share/fishbot_navigation2/config
[1.799s] -- Installing: /home/azf/slam_ws/install/fishbot_navigation2/share/fishbot_navigation2/config/nav2_params.yaml
[1.800s] -- Installing: /home/azf/slam_ws/install/fishbot_navigation2/share/ament_index/resource_index/package_run_dependencies/fishbot_navigation2
[1.801s] -- Installing: /home/azf/slam_ws/install/fishbot_navigation2/share/ament_index/resource_index/parent_prefix_path/fishbot_navigation2
[1.801s] -- Installing: /home/azf/slam_ws/install/fishbot_navigation2/share/fishbot_navigation2/environment/ament_prefix_path.sh
[1.801s] -- Installing: /home/azf/slam_ws/install/fishbot_navigation2/share/fishbot_navigation2/environment/ament_prefix_path.dsv
[1.801s] -- Installing: /home/azf/slam_ws/install/fishbot_navigation2/share/fishbot_navigation2/environment/path.sh
[1.802s] -- Installing: /home/azf/slam_ws/install/fishbot_navigation2/share/fishbot_navigation2/environment/path.dsv
[1.802s] -- Installing: /home/azf/slam_ws/install/fishbot_navigation2/share/fishbot_navigation2/local_setup.bash
[1.802s] -- Installing: /home/azf/slam_ws/install/fishbot_navigation2/share/fishbot_navigation2/local_setup.sh
[1.802s] -- Installing: /home/azf/slam_ws/install/fishbot_navigation2/share/fishbot_navigation2/local_setup.zsh
[1.803s] -- Installing: /home/azf/slam_ws/install/fishbot_navigation2/share/fishbot_navigation2/local_setup.dsv
[1.803s] -- Installing: /home/azf/slam_ws/install/fishbot_navigation2/share/fishbot_navigation2/package.dsv
[1.806s] -- Installing: /home/azf/slam_ws/install/fishbot_navigation2/share/ament_index/resource_index/packages/fishbot_navigation2
[1.809s] -- Installing: /home/azf/slam_ws/install/fishbot_navigation2/share/fishbot_navigation2/cmake/fishbot_navigation2Config.cmake
[1.810s] -- Installing: /home/azf/slam_ws/install/fishbot_navigation2/share/fishbot_navigation2/cmake/fishbot_navigation2Config-version.cmake
[1.813s] -- Installing: /home/azf/slam_ws/install/fishbot_navigation2/share/fishbot_navigation2/package.xml
[1.819s] Invoked command in '/home/azf/slam_ws/build/fishbot_navigation2' returned '0': CMAKE_PREFIX_PATH=/opt/ros/humble /usr/bin/cmake --install /home/azf/slam_ws/build/fishbot_navigation2
