[1.802s] Invoking command in '/home/azf/slam_ws/src/fishbot_application': PYTHONPATH=/home/azf/slam_ws/build/fishbot_application/prefix_override:/usr/lib/python3/dist-packages/colcon_core/task/python/colcon_distutils_commands:/home/azf/slam_ws/install/fishbot_application/lib/python3.10/site-packages:${PYTHONPATH} /usr/bin/python3 -W ignore:setup.py install is deprecated -W ignore:easy_install command is deprecated setup.py egg_info --egg-base ../../build/fishbot_application build --build-base /home/azf/slam_ws/build/fishbot_application/build install --record /home/azf/slam_ws/build/fishbot_application/install.log --single-version-externally-managed install_data
[2.517s] running egg_info
[2.518s] writing ../../build/fishbot_application/fishbot_application.egg-info/PKG-INFO
[2.518s] writing dependency_links to ../../build/fishbot_application/fishbot_application.egg-info/dependency_links.txt
[2.518s] writing entry points to ../../build/fishbot_application/fishbot_application.egg-info/entry_points.txt
[2.518s] writing requirements to ../../build/fishbot_application/fishbot_application.egg-info/requires.txt
[2.518s] writing top-level names to ../../build/fishbot_application/fishbot_application.egg-info/top_level.txt
[2.522s] reading manifest file '../../build/fishbot_application/fishbot_application.egg-info/SOURCES.txt'
[2.529s] writing manifest file '../../build/fishbot_application/fishbot_application.egg-info/SOURCES.txt'
[2.530s] running build
[2.530s] running build_py
[2.531s] copying fishbot_application/path_controller.py -> /home/azf/slam_ws/build/fishbot_application/build/lib/fishbot_application
[2.537s] copying fishbot_application/path_visualizer.py -> /home/azf/slam_ws/build/fishbot_application/build/lib/fishbot_application
[2.539s] running install
[2.544s] running install_lib
[2.550s] copying /home/azf/slam_ws/build/fishbot_application/build/lib/fishbot_application/path_controller.py -> /home/azf/slam_ws/install/fishbot_application/lib/python3.10/site-packages/fishbot_application
[2.552s] copying /home/azf/slam_ws/build/fishbot_application/build/lib/fishbot_application/path_visualizer.py -> /home/azf/slam_ws/install/fishbot_application/lib/python3.10/site-packages/fishbot_application
[2.554s] byte-compiling /home/azf/slam_ws/install/fishbot_application/lib/python3.10/site-packages/fishbot_application/path_controller.py to path_controller.cpython-310.pyc
[2.556s] byte-compiling /home/azf/slam_ws/install/fishbot_application/lib/python3.10/site-packages/fishbot_application/path_visualizer.py to path_visualizer.cpython-310.pyc
[2.563s] running install_data
[2.564s] running install_egg_info
[2.564s] removing '/home/azf/slam_ws/install/fishbot_application/lib/python3.10/site-packages/fishbot_application-0.0.0-py3.10.egg-info' (and everything under it)
[2.564s] Copying ../../build/fishbot_application/fishbot_application.egg-info to /home/azf/slam_ws/install/fishbot_application/lib/python3.10/site-packages/fishbot_application-0.0.0-py3.10.egg-info
[2.569s] running install_scripts
[2.625s] Installing get_robot_pose script to /home/azf/slam_ws/install/fishbot_application/lib/fishbot_application
[2.625s] Installing init_robot_pose script to /home/azf/slam_ws/install/fishbot_application/lib/fishbot_application
[2.625s] Installing path_controller script to /home/azf/slam_ws/install/fishbot_application/lib/fishbot_application
[2.631s] Installing path_visualizer script to /home/azf/slam_ws/install/fishbot_application/lib/fishbot_application
[2.637s] writing list of installed files to '/home/azf/slam_ws/build/fishbot_application/install.log'
[2.668s] Invoked command in '/home/azf/slam_ws/src/fishbot_application' returned '0': PYTHONPATH=/home/azf/slam_ws/build/fishbot_application/prefix_override:/usr/lib/python3/dist-packages/colcon_core/task/python/colcon_distutils_commands:/home/azf/slam_ws/install/fishbot_application/lib/python3.10/site-packages:${PYTHONPATH} /usr/bin/python3 -W ignore:setup.py install is deprecated -W ignore:easy_install command is deprecated setup.py egg_info --egg-base ../../build/fishbot_application build --build-base /home/azf/slam_ws/build/fishbot_application/build install --record /home/azf/slam_ws/build/fishbot_application/install.log --single-version-externally-managed install_data
