[0.233s] DEBUG:colcon:Command line arguments: ['/usr/bin/colcon', 'build']
[0.233s] DEBUG:colcon:Parsed command line arguments: Namespace(log_base=None, log_level=None, verb_name='build', build_base='build', install_base='install', merge_install=False, symlink_install=False, test_result_base=None, continue_on_error=False, executor='parallel', parallel_workers=32, event_handlers=None, ignore_user_meta=False, metas=['./colcon.meta'], base_paths=['.'], packages_ignore=None, packages_ignore_regex=None, paths=None, packages_up_to=None, packages_up_to_regex=None, packages_above=None, packages_above_and_dependencies=None, packages_above_depth=None, packages_select_by_dep=None, packages_skip_by_dep=None, packages_skip_up_to=None, packages_select_build_failed=False, packages_skip_build_finished=False, packages_select_test_failures=False, packages_skip_test_passed=False, packages_select=None, packages_skip=None, packages_select_regex=None, packages_skip_regex=None, packages_start=None, packages_end=None, allow_overriding=[], cmake_args=None, cmake_target=None, cmake_target_skip_unavailable=False, cmake_clean_cache=False, cmake_clean_first=False, cmake_force_configure=False, ament_cmake_args=None, catkin_cmake_args=None, catkin_skip_building_tests=False, verb_parser=<colcon_defaults.argument_parser.defaults.DefaultArgumentsDecorator object at 0x7e60dbc60e80>, verb_extension=<colcon_core.verb.build.BuildVerb object at 0x7e60dbc60a30>, main=<bound method BuildVerb.main of <colcon_core.verb.build.BuildVerb object at 0x7e60dbc60a30>>)
[0.598s] Level 1:colcon.colcon_core.package_discovery:discover_packages(colcon_meta) check parameters
[0.598s] Level 1:colcon.colcon_core.package_discovery:discover_packages(recursive) check parameters
[0.598s] Level 1:colcon.colcon_core.package_discovery:discover_packages(ignore) check parameters
[0.599s] Level 1:colcon.colcon_core.package_discovery:discover_packages(path) check parameters
[0.599s] Level 1:colcon.colcon_core.package_discovery:discover_packages(colcon_meta) discover
[0.599s] Level 1:colcon.colcon_core.package_discovery:discover_packages(recursive) discover
[0.599s] INFO:colcon.colcon_core.package_discovery:Crawling recursively for packages in '/home/azf/slam_ws'
[0.599s] Level 1:colcon.colcon_core.package_identification:_identify(.) by extensions ['ignore', 'ignore_ament_install']
[0.599s] Level 1:colcon.colcon_core.package_identification:_identify(.) by extension 'ignore'
[0.599s] Level 1:colcon.colcon_core.package_identification:_identify(.) by extension 'ignore_ament_install'
[0.599s] Level 1:colcon.colcon_core.package_identification:_identify(.) by extensions ['colcon_pkg']
[0.599s] Level 1:colcon.colcon_core.package_identification:_identify(.) by extension 'colcon_pkg'
[0.599s] Level 1:colcon.colcon_core.package_identification:_identify(.) by extensions ['colcon_meta']
[0.599s] Level 1:colcon.colcon_core.package_identification:_identify(.) by extension 'colcon_meta'
[0.599s] Level 1:colcon.colcon_core.package_identification:_identify(.) by extensions ['ros']
[0.599s] Level 1:colcon.colcon_core.package_identification:_identify(.) by extension 'ros'
[0.611s] Level 1:colcon.colcon_core.package_identification:_identify(.) by extensions ['cmake', 'python']
[0.611s] Level 1:colcon.colcon_core.package_identification:_identify(.) by extension 'cmake'
[0.611s] Level 1:colcon.colcon_core.package_identification:_identify(.) by extension 'python'
[0.611s] Level 1:colcon.colcon_core.package_identification:_identify(.) by extensions ['python_setup_py']
[0.611s] Level 1:colcon.colcon_core.package_identification:_identify(.) by extension 'python_setup_py'
[0.611s] Level 1:colcon.colcon_core.package_identification:_identify(build) by extensions ['ignore', 'ignore_ament_install']
[0.611s] Level 1:colcon.colcon_core.package_identification:_identify(build) by extension 'ignore'
[0.612s] Level 1:colcon.colcon_core.package_identification:_identify(build) ignored
[0.612s] Level 1:colcon.colcon_core.package_identification:_identify(install) by extensions ['ignore', 'ignore_ament_install']
[0.612s] Level 1:colcon.colcon_core.package_identification:_identify(install) by extension 'ignore'
[0.612s] Level 1:colcon.colcon_core.package_identification:_identify(install) ignored
[0.612s] Level 1:colcon.colcon_core.package_identification:_identify(log) by extensions ['ignore', 'ignore_ament_install']
[0.612s] Level 1:colcon.colcon_core.package_identification:_identify(log) by extension 'ignore'
[0.612s] Level 1:colcon.colcon_core.package_identification:_identify(log) ignored
[0.612s] Level 1:colcon.colcon_core.package_identification:_identify(maps) by extensions ['ignore', 'ignore_ament_install']
[0.613s] Level 1:colcon.colcon_core.package_identification:_identify(maps) by extension 'ignore'
[0.613s] Level 1:colcon.colcon_core.package_identification:_identify(maps) by extension 'ignore_ament_install'
[0.613s] Level 1:colcon.colcon_core.package_identification:_identify(maps) by extensions ['colcon_pkg']
[0.613s] Level 1:colcon.colcon_core.package_identification:_identify(maps) by extension 'colcon_pkg'
[0.613s] Level 1:colcon.colcon_core.package_identification:_identify(maps) by extensions ['colcon_meta']
[0.613s] Level 1:colcon.colcon_core.package_identification:_identify(maps) by extension 'colcon_meta'
[0.613s] Level 1:colcon.colcon_core.package_identification:_identify(maps) by extensions ['ros']
[0.613s] Level 1:colcon.colcon_core.package_identification:_identify(maps) by extension 'ros'
[0.613s] Level 1:colcon.colcon_core.package_identification:_identify(maps) by extensions ['cmake', 'python']
[0.613s] Level 1:colcon.colcon_core.package_identification:_identify(maps) by extension 'cmake'
[0.613s] Level 1:colcon.colcon_core.package_identification:_identify(maps) by extension 'python'
[0.613s] Level 1:colcon.colcon_core.package_identification:_identify(maps) by extensions ['python_setup_py']
[0.614s] Level 1:colcon.colcon_core.package_identification:_identify(maps) by extension 'python_setup_py'
[0.614s] Level 1:colcon.colcon_core.package_identification:_identify(src) by extensions ['ignore', 'ignore_ament_install']
[0.614s] Level 1:colcon.colcon_core.package_identification:_identify(src) by extension 'ignore'
[0.614s] Level 1:colcon.colcon_core.package_identification:_identify(src) by extension 'ignore_ament_install'
[0.614s] Level 1:colcon.colcon_core.package_identification:_identify(src) by extensions ['colcon_pkg']
[0.614s] Level 1:colcon.colcon_core.package_identification:_identify(src) by extension 'colcon_pkg'
[0.614s] Level 1:colcon.colcon_core.package_identification:_identify(src) by extensions ['colcon_meta']
[0.614s] Level 1:colcon.colcon_core.package_identification:_identify(src) by extension 'colcon_meta'
[0.614s] Level 1:colcon.colcon_core.package_identification:_identify(src) by extensions ['ros']
[0.614s] Level 1:colcon.colcon_core.package_identification:_identify(src) by extension 'ros'
[0.614s] Level 1:colcon.colcon_core.package_identification:_identify(src) by extensions ['cmake', 'python']
[0.614s] Level 1:colcon.colcon_core.package_identification:_identify(src) by extension 'cmake'
[0.614s] Level 1:colcon.colcon_core.package_identification:_identify(src) by extension 'python'
[0.614s] Level 1:colcon.colcon_core.package_identification:_identify(src) by extensions ['python_setup_py']
[0.614s] Level 1:colcon.colcon_core.package_identification:_identify(src) by extension 'python_setup_py'
[0.615s] Level 1:colcon.colcon_core.package_identification:_identify(src/fishbot_application) by extensions ['ignore', 'ignore_ament_install']
[0.615s] Level 1:colcon.colcon_core.package_identification:_identify(src/fishbot_application) by extension 'ignore'
[0.615s] Level 1:colcon.colcon_core.package_identification:_identify(src/fishbot_application) by extension 'ignore_ament_install'
[0.615s] Level 1:colcon.colcon_core.package_identification:_identify(src/fishbot_application) by extensions ['colcon_pkg']
[0.615s] Level 1:colcon.colcon_core.package_identification:_identify(src/fishbot_application) by extension 'colcon_pkg'
[0.615s] Level 1:colcon.colcon_core.package_identification:_identify(src/fishbot_application) by extensions ['colcon_meta']
[0.615s] Level 1:colcon.colcon_core.package_identification:_identify(src/fishbot_application) by extension 'colcon_meta'
[0.615s] Level 1:colcon.colcon_core.package_identification:_identify(src/fishbot_application) by extensions ['ros']
[0.615s] Level 1:colcon.colcon_core.package_identification:_identify(src/fishbot_application) by extension 'ros'
[0.619s] DEBUG:colcon.colcon_core.package_identification:Package 'src/fishbot_application' with type 'ros.ament_python' and name 'fishbot_application'
[0.619s] Level 1:colcon.colcon_core.package_identification:_identify(src/fishbot_description) by extensions ['ignore', 'ignore_ament_install']
[0.619s] Level 1:colcon.colcon_core.package_identification:_identify(src/fishbot_description) by extension 'ignore'
[0.619s] Level 1:colcon.colcon_core.package_identification:_identify(src/fishbot_description) by extension 'ignore_ament_install'
[0.619s] Level 1:colcon.colcon_core.package_identification:_identify(src/fishbot_description) by extensions ['colcon_pkg']
[0.619s] Level 1:colcon.colcon_core.package_identification:_identify(src/fishbot_description) by extension 'colcon_pkg'
[0.619s] Level 1:colcon.colcon_core.package_identification:_identify(src/fishbot_description) by extensions ['colcon_meta']
[0.619s] Level 1:colcon.colcon_core.package_identification:_identify(src/fishbot_description) by extension 'colcon_meta'
[0.619s] Level 1:colcon.colcon_core.package_identification:_identify(src/fishbot_description) by extensions ['ros']
[0.619s] Level 1:colcon.colcon_core.package_identification:_identify(src/fishbot_description) by extension 'ros'
[0.620s] DEBUG:colcon.colcon_core.package_identification:Package 'src/fishbot_description' with type 'ros.ament_cmake' and name 'fishbot_description'
[0.620s] Level 1:colcon.colcon_core.package_identification:_identify(src/fishbot_navigation2) by extensions ['ignore', 'ignore_ament_install']
[0.620s] Level 1:colcon.colcon_core.package_identification:_identify(src/fishbot_navigation2) by extension 'ignore'
[0.620s] Level 1:colcon.colcon_core.package_identification:_identify(src/fishbot_navigation2) by extension 'ignore_ament_install'
[0.621s] Level 1:colcon.colcon_core.package_identification:_identify(src/fishbot_navigation2) by extensions ['colcon_pkg']
[0.621s] Level 1:colcon.colcon_core.package_identification:_identify(src/fishbot_navigation2) by extension 'colcon_pkg'
[0.621s] Level 1:colcon.colcon_core.package_identification:_identify(src/fishbot_navigation2) by extensions ['colcon_meta']
[0.621s] Level 1:colcon.colcon_core.package_identification:_identify(src/fishbot_navigation2) by extension 'colcon_meta'
[0.621s] Level 1:colcon.colcon_core.package_identification:_identify(src/fishbot_navigation2) by extensions ['ros']
[0.621s] Level 1:colcon.colcon_core.package_identification:_identify(src/fishbot_navigation2) by extension 'ros'
[0.622s] DEBUG:colcon.colcon_core.package_identification:Package 'src/fishbot_navigation2' with type 'ros.ament_cmake' and name 'fishbot_navigation2'
[0.622s] Level 1:colcon.colcon_core.package_discovery:discover_packages(recursive) using defaults
[0.622s] Level 1:colcon.colcon_core.package_discovery:discover_packages(ignore) discover
[0.622s] Level 1:colcon.colcon_core.package_discovery:discover_packages(ignore) using defaults
[0.622s] Level 1:colcon.colcon_core.package_discovery:discover_packages(path) discover
[0.622s] Level 1:colcon.colcon_core.package_discovery:discover_packages(path) using defaults
[0.653s] Level 1:colcon.colcon_core.package_discovery:discover_packages(prefix_path) check parameters
[0.653s] Level 1:colcon.colcon_core.package_discovery:discover_packages(prefix_path) discover
[0.657s] DEBUG:colcon.colcon_installed_package_information.package_discovery:Found 3 installed packages in /home/azf/slam_ws/install
[0.661s] DEBUG:colcon.colcon_installed_package_information.package_discovery:Found 460 installed packages in /opt/ros/humble
[0.664s] Level 1:colcon.colcon_core.package_discovery:discover_packages(prefix_path) using defaults
[0.732s] Level 5:colcon.colcon_core.verb:set package 'fishbot_application' build argument 'cmake_args' from command line to 'None'
[0.732s] Level 5:colcon.colcon_core.verb:set package 'fishbot_application' build argument 'cmake_target' from command line to 'None'
[0.732s] Level 5:colcon.colcon_core.verb:set package 'fishbot_application' build argument 'cmake_target_skip_unavailable' from command line to 'False'
[0.732s] Level 5:colcon.colcon_core.verb:set package 'fishbot_application' build argument 'cmake_clean_cache' from command line to 'False'
[0.732s] Level 5:colcon.colcon_core.verb:set package 'fishbot_application' build argument 'cmake_clean_first' from command line to 'False'
[0.732s] Level 5:colcon.colcon_core.verb:set package 'fishbot_application' build argument 'cmake_force_configure' from command line to 'False'
[0.733s] Level 5:colcon.colcon_core.verb:set package 'fishbot_application' build argument 'ament_cmake_args' from command line to 'None'
[0.733s] Level 5:colcon.colcon_core.verb:set package 'fishbot_application' build argument 'catkin_cmake_args' from command line to 'None'
[0.733s] Level 5:colcon.colcon_core.verb:set package 'fishbot_application' build argument 'catkin_skip_building_tests' from command line to 'False'
[0.733s] DEBUG:colcon.colcon_core.verb:Building package 'fishbot_application' with the following arguments: {'ament_cmake_args': None, 'build_base': '/home/azf/slam_ws/build/fishbot_application', 'catkin_cmake_args': None, 'catkin_skip_building_tests': False, 'cmake_args': None, 'cmake_clean_cache': False, 'cmake_clean_first': False, 'cmake_force_configure': False, 'cmake_target': None, 'cmake_target_skip_unavailable': False, 'install_base': '/home/azf/slam_ws/install/fishbot_application', 'merge_install': False, 'path': '/home/azf/slam_ws/src/fishbot_application', 'symlink_install': False, 'test_result_base': None}
[0.733s] Level 5:colcon.colcon_core.verb:set package 'fishbot_description' build argument 'cmake_args' from command line to 'None'
[0.733s] Level 5:colcon.colcon_core.verb:set package 'fishbot_description' build argument 'cmake_target' from command line to 'None'
[0.733s] Level 5:colcon.colcon_core.verb:set package 'fishbot_description' build argument 'cmake_target_skip_unavailable' from command line to 'False'
[0.733s] Level 5:colcon.colcon_core.verb:set package 'fishbot_description' build argument 'cmake_clean_cache' from command line to 'False'
[0.733s] Level 5:colcon.colcon_core.verb:set package 'fishbot_description' build argument 'cmake_clean_first' from command line to 'False'
[0.733s] Level 5:colcon.colcon_core.verb:set package 'fishbot_description' build argument 'cmake_force_configure' from command line to 'False'
[0.733s] Level 5:colcon.colcon_core.verb:set package 'fishbot_description' build argument 'ament_cmake_args' from command line to 'None'
[0.733s] Level 5:colcon.colcon_core.verb:set package 'fishbot_description' build argument 'catkin_cmake_args' from command line to 'None'
[0.733s] Level 5:colcon.colcon_core.verb:set package 'fishbot_description' build argument 'catkin_skip_building_tests' from command line to 'False'
[0.733s] DEBUG:colcon.colcon_core.verb:Building package 'fishbot_description' with the following arguments: {'ament_cmake_args': None, 'build_base': '/home/azf/slam_ws/build/fishbot_description', 'catkin_cmake_args': None, 'catkin_skip_building_tests': False, 'cmake_args': None, 'cmake_clean_cache': False, 'cmake_clean_first': False, 'cmake_force_configure': False, 'cmake_target': None, 'cmake_target_skip_unavailable': False, 'install_base': '/home/azf/slam_ws/install/fishbot_description', 'merge_install': False, 'path': '/home/azf/slam_ws/src/fishbot_description', 'symlink_install': False, 'test_result_base': None}
[0.734s] Level 5:colcon.colcon_core.verb:set package 'fishbot_navigation2' build argument 'cmake_args' from command line to 'None'
[0.734s] Level 5:colcon.colcon_core.verb:set package 'fishbot_navigation2' build argument 'cmake_target' from command line to 'None'
[0.734s] Level 5:colcon.colcon_core.verb:set package 'fishbot_navigation2' build argument 'cmake_target_skip_unavailable' from command line to 'False'
[0.734s] Level 5:colcon.colcon_core.verb:set package 'fishbot_navigation2' build argument 'cmake_clean_cache' from command line to 'False'
[0.734s] Level 5:colcon.colcon_core.verb:set package 'fishbot_navigation2' build argument 'cmake_clean_first' from command line to 'False'
[0.734s] Level 5:colcon.colcon_core.verb:set package 'fishbot_navigation2' build argument 'cmake_force_configure' from command line to 'False'
[0.734s] Level 5:colcon.colcon_core.verb:set package 'fishbot_navigation2' build argument 'ament_cmake_args' from command line to 'None'
[0.734s] Level 5:colcon.colcon_core.verb:set package 'fishbot_navigation2' build argument 'catkin_cmake_args' from command line to 'None'
[0.734s] Level 5:colcon.colcon_core.verb:set package 'fishbot_navigation2' build argument 'catkin_skip_building_tests' from command line to 'False'
[0.734s] DEBUG:colcon.colcon_core.verb:Building package 'fishbot_navigation2' with the following arguments: {'ament_cmake_args': None, 'build_base': '/home/azf/slam_ws/build/fishbot_navigation2', 'catkin_cmake_args': None, 'catkin_skip_building_tests': False, 'cmake_args': None, 'cmake_clean_cache': False, 'cmake_clean_first': False, 'cmake_force_configure': False, 'cmake_target': None, 'cmake_target_skip_unavailable': False, 'install_base': '/home/azf/slam_ws/install/fishbot_navigation2', 'merge_install': False, 'path': '/home/azf/slam_ws/src/fishbot_navigation2', 'symlink_install': False, 'test_result_base': None}
[0.734s] INFO:colcon.colcon_core.executor:Executing jobs using 'parallel' executor
[0.735s] DEBUG:colcon.colcon_parallel_executor.executor.parallel:run_until_complete
[0.736s] INFO:colcon.colcon_ros.task.ament_python.build:Building ROS package in '/home/azf/slam_ws/src/fishbot_application' with build type 'ament_python'
[0.736s] Level 1:colcon.colcon_core.shell:create_environment_hook('fishbot_application', 'ament_prefix_path')
[0.742s] INFO:colcon.colcon_core.plugin_system:Skipping extension 'colcon_core.shell.bat': Not used on non-Windows systems
[0.742s] INFO:colcon.colcon_core.shell:Creating environment hook '/home/azf/slam_ws/install/fishbot_application/share/fishbot_application/hook/ament_prefix_path.ps1'
[0.743s] INFO:colcon.colcon_core.shell:Creating environment descriptor '/home/azf/slam_ws/install/fishbot_application/share/fishbot_application/hook/ament_prefix_path.dsv'
[0.744s] INFO:colcon.colcon_core.shell:Creating environment hook '/home/azf/slam_ws/install/fishbot_application/share/fishbot_application/hook/ament_prefix_path.sh'
[0.745s] INFO:colcon.colcon_core.shell:Skip shell extension 'powershell' for command environment: Not usable outside of PowerShell
[0.745s] DEBUG:colcon.colcon_core.shell:Skip shell extension 'dsv' for command environment
[0.757s] INFO:colcon.colcon_ros.task.ament_cmake.build:Building ROS package in '/home/azf/slam_ws/src/fishbot_description' with build type 'ament_cmake'
[0.757s] INFO:colcon.colcon_cmake.task.cmake.build:Building CMake package in '/home/azf/slam_ws/src/fishbot_description'
[0.757s] INFO:colcon.colcon_core.shell:Skip shell extension 'powershell' for command environment: Not usable outside of PowerShell
[0.757s] DEBUG:colcon.colcon_core.shell:Skip shell extension 'dsv' for command environment
[0.773s] INFO:colcon.colcon_ros.task.ament_cmake.build:Building ROS package in '/home/azf/slam_ws/src/fishbot_navigation2' with build type 'ament_cmake'
[0.774s] INFO:colcon.colcon_cmake.task.cmake.build:Building CMake package in '/home/azf/slam_ws/src/fishbot_navigation2'
[0.774s] INFO:colcon.colcon_core.shell:Skip shell extension 'powershell' for command environment: Not usable outside of PowerShell
[0.774s] DEBUG:colcon.colcon_core.shell:Skip shell extension 'dsv' for command environment
[0.804s] DEBUG:colcon.colcon_core.event_handler.log_command:Invoking command in '/home/azf/slam_ws/build/fishbot_description': CMAKE_PREFIX_PATH=${CMAKE_PREFIX_PATH}:/home/azf/slam_ws/install/fishbot_application:/opt/ros/humble /usr/bin/cmake --build /home/azf/slam_ws/build/fishbot_description -- -j32 -l32
[0.824s] DEBUG:colcon.colcon_core.event_handler.log_command:Invoking command in '/home/azf/slam_ws/build/fishbot_navigation2': CMAKE_PREFIX_PATH=${CMAKE_PREFIX_PATH}:/home/azf/slam_ws/install/fishbot_application:/opt/ros/humble /usr/bin/cmake --build /home/azf/slam_ws/build/fishbot_navigation2 -- -j32 -l32
[1.318s] INFO:colcon.colcon_core.task.python.build:Building Python package in '/home/azf/slam_ws/src/fishbot_application'
[1.318s] INFO:colcon.colcon_core.shell:Skip shell extension 'powershell' for command environment: Not usable outside of PowerShell
[1.318s] DEBUG:colcon.colcon_core.shell:Skip shell extension 'dsv' for command environment
[1.376s] DEBUG:colcon.colcon_core.event_handler.log_command:Invoked command in '/home/azf/slam_ws/build/fishbot_navigation2' returned '0': CMAKE_PREFIX_PATH=${CMAKE_PREFIX_PATH}:/home/azf/slam_ws/install/fishbot_application:/opt/ros/humble /usr/bin/cmake --build /home/azf/slam_ws/build/fishbot_navigation2 -- -j32 -l32
[1.406s] DEBUG:colcon.colcon_core.event_handler.log_command:Invoking command in '/home/azf/slam_ws/build/fishbot_navigation2': CMAKE_PREFIX_PATH=${CMAKE_PREFIX_PATH}:/home/azf/slam_ws/install/fishbot_application:/opt/ros/humble /usr/bin/cmake --install /home/azf/slam_ws/build/fishbot_navigation2
[1.420s] DEBUG:colcon.colcon_core.event_handler.log_command:Invoked command in '/home/azf/slam_ws/build/fishbot_description' returned '0': CMAKE_PREFIX_PATH=${CMAKE_PREFIX_PATH}:/home/azf/slam_ws/install/fishbot_application:/opt/ros/humble /usr/bin/cmake --build /home/azf/slam_ws/build/fishbot_description -- -j32 -l32
[1.444s] DEBUG:colcon.colcon_core.event_handler.log_command:Invoking command in '/home/azf/slam_ws/build/fishbot_description': CMAKE_PREFIX_PATH=${CMAKE_PREFIX_PATH}:/home/azf/slam_ws/install/fishbot_application:/opt/ros/humble /usr/bin/cmake --install /home/azf/slam_ws/build/fishbot_description
[1.503s] Level 1:colcon.colcon_core.environment:create_environment_scripts_only(fishbot_navigation2)
[1.596s] Level 1:colcon.colcon_core.environment:checking '/home/azf/slam_ws/install/fishbot_navigation2' for CMake module files
[1.608s] Level 1:colcon.colcon_core.environment:checking '/home/azf/slam_ws/install/fishbot_navigation2' for CMake config files
[1.624s] Level 1:colcon.colcon_core.shell:create_environment_hook('fishbot_navigation2', 'cmake_prefix_path')
[1.624s] INFO:colcon.colcon_core.shell:Creating environment hook '/home/azf/slam_ws/install/fishbot_navigation2/share/fishbot_navigation2/hook/cmake_prefix_path.ps1'
[1.627s] DEBUG:colcon.colcon_core.event_handler.log_command:Invoked command in '/home/azf/slam_ws/build/fishbot_navigation2' returned '0': CMAKE_PREFIX_PATH=${CMAKE_PREFIX_PATH}:/home/azf/slam_ws/install/fishbot_application:/opt/ros/humble /usr/bin/cmake --install /home/azf/slam_ws/build/fishbot_navigation2
[1.630s] INFO:colcon.colcon_core.shell:Creating environment descriptor '/home/azf/slam_ws/install/fishbot_navigation2/share/fishbot_navigation2/hook/cmake_prefix_path.dsv'
[1.631s] INFO:colcon.colcon_core.shell:Creating environment hook '/home/azf/slam_ws/install/fishbot_navigation2/share/fishbot_navigation2/hook/cmake_prefix_path.sh'
[1.644s] Level 1:colcon.colcon_core.environment:checking '/home/azf/slam_ws/install/fishbot_navigation2/bin'
[1.647s] Level 1:colcon.colcon_core.environment:checking '/home/azf/slam_ws/install/fishbot_navigation2/lib/pkgconfig/fishbot_navigation2.pc'
[1.647s] Level 1:colcon.colcon_core.environment:checking '/home/azf/slam_ws/install/fishbot_navigation2/lib/python3.10/site-packages'
[1.647s] Level 1:colcon.colcon_core.environment:checking '/home/azf/slam_ws/install/fishbot_navigation2/bin'
[1.648s] INFO:colcon.colcon_core.shell:Creating package script '/home/azf/slam_ws/install/fishbot_navigation2/share/fishbot_navigation2/package.ps1'
[1.678s] INFO:colcon.colcon_core.shell:Creating package descriptor '/home/azf/slam_ws/install/fishbot_navigation2/share/fishbot_navigation2/package.dsv'
[1.688s] INFO:colcon.colcon_core.shell:Creating package script '/home/azf/slam_ws/install/fishbot_navigation2/share/fishbot_navigation2/package.sh'
[1.692s] INFO:colcon.colcon_core.shell:Creating package script '/home/azf/slam_ws/install/fishbot_navigation2/share/fishbot_navigation2/package.bash'
[1.698s] INFO:colcon.colcon_core.shell:Creating package script '/home/azf/slam_ws/install/fishbot_navigation2/share/fishbot_navigation2/package.zsh'
[1.723s] Level 1:colcon.colcon_core.environment:create_file_with_runtime_dependencies(/home/azf/slam_ws/install/fishbot_navigation2/share/colcon-core/packages/fishbot_navigation2)
[1.725s] Level 1:colcon.colcon_core.environment:create_environment_scripts_only(fishbot_navigation2)
[1.726s] Level 1:colcon.colcon_core.environment:checking '/home/azf/slam_ws/install/fishbot_navigation2' for CMake module files
[1.733s] Level 1:colcon.colcon_core.environment:checking '/home/azf/slam_ws/install/fishbot_navigation2' for CMake config files
[1.734s] Level 1:colcon.colcon_core.shell:create_environment_hook('fishbot_navigation2', 'cmake_prefix_path')
[1.735s] INFO:colcon.colcon_core.shell:Creating environment hook '/home/azf/slam_ws/install/fishbot_navigation2/share/fishbot_navigation2/hook/cmake_prefix_path.ps1'
[1.748s] INFO:colcon.colcon_core.shell:Creating environment descriptor '/home/azf/slam_ws/install/fishbot_navigation2/share/fishbot_navigation2/hook/cmake_prefix_path.dsv'
[1.749s] INFO:colcon.colcon_core.shell:Creating environment hook '/home/azf/slam_ws/install/fishbot_navigation2/share/fishbot_navigation2/hook/cmake_prefix_path.sh'
[1.756s] Level 1:colcon.colcon_core.environment:checking '/home/azf/slam_ws/install/fishbot_navigation2/bin'
[1.756s] Level 1:colcon.colcon_core.environment:checking '/home/azf/slam_ws/install/fishbot_navigation2/lib/pkgconfig/fishbot_navigation2.pc'
[1.756s] Level 1:colcon.colcon_core.environment:checking '/home/azf/slam_ws/install/fishbot_navigation2/lib/python3.10/site-packages'
[1.757s] Level 1:colcon.colcon_core.environment:checking '/home/azf/slam_ws/install/fishbot_navigation2/bin'
[1.757s] INFO:colcon.colcon_core.shell:Creating package script '/home/azf/slam_ws/install/fishbot_navigation2/share/fishbot_navigation2/package.ps1'
[1.760s] INFO:colcon.colcon_core.shell:Creating package descriptor '/home/azf/slam_ws/install/fishbot_navigation2/share/fishbot_navigation2/package.dsv'
[1.765s] INFO:colcon.colcon_core.shell:Creating package script '/home/azf/slam_ws/install/fishbot_navigation2/share/fishbot_navigation2/package.sh'
[1.775s] INFO:colcon.colcon_core.shell:Creating package script '/home/azf/slam_ws/install/fishbot_navigation2/share/fishbot_navigation2/package.bash'
[1.782s] INFO:colcon.colcon_core.shell:Creating package script '/home/azf/slam_ws/install/fishbot_navigation2/share/fishbot_navigation2/package.zsh'
[1.789s] Level 1:colcon.colcon_core.environment:create_file_with_runtime_dependencies(/home/azf/slam_ws/install/fishbot_navigation2/share/colcon-core/packages/fishbot_navigation2)
[1.847s] Level 1:colcon.colcon_core.environment:create_environment_scripts_only(fishbot_description)
[1.848s] Level 1:colcon.colcon_core.environment:checking '/home/azf/slam_ws/install/fishbot_description' for CMake module files
[1.866s] Level 1:colcon.colcon_core.environment:checking '/home/azf/slam_ws/install/fishbot_description' for CMake config files
[2.165s] Level 1:colcon.colcon_core.shell:create_environment_hook('fishbot_description', 'cmake_prefix_path')
[2.166s] INFO:colcon.colcon_core.shell:Creating environment hook '/home/azf/slam_ws/install/fishbot_description/share/fishbot_description/hook/cmake_prefix_path.ps1'
[2.168s] INFO:colcon.colcon_core.shell:Creating environment descriptor '/home/azf/slam_ws/install/fishbot_description/share/fishbot_description/hook/cmake_prefix_path.dsv'
[2.168s] INFO:colcon.colcon_core.shell:Creating environment hook '/home/azf/slam_ws/install/fishbot_description/share/fishbot_description/hook/cmake_prefix_path.sh'
[2.169s] Level 1:colcon.colcon_core.environment:checking '/home/azf/slam_ws/install/fishbot_description/bin'
[2.169s] Level 1:colcon.colcon_core.environment:checking '/home/azf/slam_ws/install/fishbot_description/lib/pkgconfig/fishbot_description.pc'
[2.170s] Level 1:colcon.colcon_core.environment:checking '/home/azf/slam_ws/install/fishbot_description/lib/python3.10/site-packages'
[2.170s] Level 1:colcon.colcon_core.environment:checking '/home/azf/slam_ws/install/fishbot_description/bin'
[2.170s] INFO:colcon.colcon_core.shell:Creating package script '/home/azf/slam_ws/install/fishbot_description/share/fishbot_description/package.ps1'
[2.171s] INFO:colcon.colcon_core.shell:Creating package descriptor '/home/azf/slam_ws/install/fishbot_description/share/fishbot_description/package.dsv'
[2.172s] INFO:colcon.colcon_core.shell:Creating package script '/home/azf/slam_ws/install/fishbot_description/share/fishbot_description/package.sh'
[2.173s] INFO:colcon.colcon_core.shell:Creating package script '/home/azf/slam_ws/install/fishbot_description/share/fishbot_description/package.bash'
[2.174s] INFO:colcon.colcon_core.shell:Creating package script '/home/azf/slam_ws/install/fishbot_description/share/fishbot_description/package.zsh'
[2.174s] Level 1:colcon.colcon_core.environment:create_file_with_runtime_dependencies(/home/azf/slam_ws/install/fishbot_description/share/colcon-core/packages/fishbot_description)
[2.175s] Level 1:colcon.colcon_core.environment:create_environment_scripts_only(fishbot_description)
[2.175s] Level 1:colcon.colcon_core.environment:checking '/home/azf/slam_ws/install/fishbot_description' for CMake module files
[2.184s] Level 1:colcon.colcon_core.environment:checking '/home/azf/slam_ws/install/fishbot_description' for CMake config files
[2.322s] DEBUG:colcon.colcon_core.event_handler.log_command:Invoked command in '/home/azf/slam_ws/build/fishbot_description' returned '0': CMAKE_PREFIX_PATH=${CMAKE_PREFIX_PATH}:/home/azf/slam_ws/install/fishbot_application:/opt/ros/humble /usr/bin/cmake --install /home/azf/slam_ws/build/fishbot_description
[2.374s] Level 1:colcon.colcon_core.shell:create_environment_hook('fishbot_description', 'cmake_prefix_path')
[2.375s] INFO:colcon.colcon_core.shell:Creating environment hook '/home/azf/slam_ws/install/fishbot_description/share/fishbot_description/hook/cmake_prefix_path.ps1'
[2.376s] INFO:colcon.colcon_core.shell:Creating environment descriptor '/home/azf/slam_ws/install/fishbot_description/share/fishbot_description/hook/cmake_prefix_path.dsv'
[2.377s] INFO:colcon.colcon_core.shell:Creating environment hook '/home/azf/slam_ws/install/fishbot_description/share/fishbot_description/hook/cmake_prefix_path.sh'
[2.378s] Level 1:colcon.colcon_core.environment:checking '/home/azf/slam_ws/install/fishbot_description/bin'
[2.379s] Level 1:colcon.colcon_core.environment:checking '/home/azf/slam_ws/install/fishbot_description/lib/pkgconfig/fishbot_description.pc'
[2.379s] Level 1:colcon.colcon_core.environment:checking '/home/azf/slam_ws/install/fishbot_description/lib/python3.10/site-packages'
[2.379s] Level 1:colcon.colcon_core.environment:checking '/home/azf/slam_ws/install/fishbot_description/bin'
[2.380s] INFO:colcon.colcon_core.shell:Creating package script '/home/azf/slam_ws/install/fishbot_description/share/fishbot_description/package.ps1'
[2.381s] INFO:colcon.colcon_core.shell:Creating package descriptor '/home/azf/slam_ws/install/fishbot_description/share/fishbot_description/package.dsv'
[2.381s] INFO:colcon.colcon_core.shell:Creating package script '/home/azf/slam_ws/install/fishbot_description/share/fishbot_description/package.sh'
[2.382s] INFO:colcon.colcon_core.shell:Creating package script '/home/azf/slam_ws/install/fishbot_description/share/fishbot_description/package.bash'
[2.383s] INFO:colcon.colcon_core.shell:Creating package script '/home/azf/slam_ws/install/fishbot_description/share/fishbot_description/package.zsh'
[2.384s] Level 1:colcon.colcon_core.environment:create_file_with_runtime_dependencies(/home/azf/slam_ws/install/fishbot_description/share/colcon-core/packages/fishbot_description)
[2.576s] DEBUG:colcon.colcon_core.event_handler.log_command:Invoking command in '/home/azf/slam_ws/src/fishbot_application': PYTHONPATH=/home/azf/slam_ws/build/fishbot_application/prefix_override:/usr/lib/python3/dist-packages/colcon_core/task/python/colcon_distutils_commands:/home/azf/slam_ws/install/fishbot_application/lib/python3.10/site-packages:${PYTHONPATH} /usr/bin/python3 -W ignore:setup.py install is deprecated -W ignore:easy_install command is deprecated setup.py egg_info --egg-base ../../build/fishbot_application build --build-base /home/azf/slam_ws/build/fishbot_application/build install --record /home/azf/slam_ws/build/fishbot_application/install.log --single-version-externally-managed install_data
[3.116s] Level 1:colcon.colcon_core.environment:checking '/home/azf/slam_ws/install/fishbot_application' for CMake module files
[3.117s] Level 1:colcon.colcon_core.environment:checking '/home/azf/slam_ws/install/fishbot_application' for CMake config files
[3.120s] Level 1:colcon.colcon_core.environment:checking '/home/azf/slam_ws/install/fishbot_application/lib'
[3.120s] Level 1:colcon.colcon_core.environment:checking '/home/azf/slam_ws/install/fishbot_application/bin'
[3.120s] Level 1:colcon.colcon_core.environment:checking '/home/azf/slam_ws/install/fishbot_application/lib/pkgconfig/fishbot_application.pc'
[3.121s] Level 1:colcon.colcon_core.environment:checking '/home/azf/slam_ws/install/fishbot_application/lib/python3.10/site-packages'
[3.121s] Level 1:colcon.colcon_core.shell:create_environment_hook('fishbot_application', 'pythonpath')
[3.121s] INFO:colcon.colcon_core.shell:Creating environment hook '/home/azf/slam_ws/install/fishbot_application/share/fishbot_application/hook/pythonpath.ps1'
[3.123s] INFO:colcon.colcon_core.shell:Creating environment descriptor '/home/azf/slam_ws/install/fishbot_application/share/fishbot_application/hook/pythonpath.dsv'
[3.125s] INFO:colcon.colcon_core.shell:Creating environment hook '/home/azf/slam_ws/install/fishbot_application/share/fishbot_application/hook/pythonpath.sh'
[3.127s] Level 1:colcon.colcon_core.environment:checking '/home/azf/slam_ws/install/fishbot_application/bin'
[3.127s] Level 1:colcon.colcon_core.environment:create_environment_scripts_only(fishbot_application)
[3.127s] INFO:colcon.colcon_core.shell:Creating package script '/home/azf/slam_ws/install/fishbot_application/share/fishbot_application/package.ps1'
[3.132s] DEBUG:colcon.colcon_core.event_handler.log_command:Invoked command in '/home/azf/slam_ws/src/fishbot_application' returned '0': PYTHONPATH=/home/azf/slam_ws/build/fishbot_application/prefix_override:/usr/lib/python3/dist-packages/colcon_core/task/python/colcon_distutils_commands:/home/azf/slam_ws/install/fishbot_application/lib/python3.10/site-packages:${PYTHONPATH} /usr/bin/python3 -W ignore:setup.py install is deprecated -W ignore:easy_install command is deprecated setup.py egg_info --egg-base ../../build/fishbot_application build --build-base /home/azf/slam_ws/build/fishbot_application/build install --record /home/azf/slam_ws/build/fishbot_application/install.log --single-version-externally-managed install_data
[3.145s] INFO:colcon.colcon_core.shell:Creating package descriptor '/home/azf/slam_ws/install/fishbot_application/share/fishbot_application/package.dsv'
[3.154s] INFO:colcon.colcon_core.shell:Creating package script '/home/azf/slam_ws/install/fishbot_application/share/fishbot_application/package.sh'
[3.164s] INFO:colcon.colcon_core.shell:Creating package script '/home/azf/slam_ws/install/fishbot_application/share/fishbot_application/package.bash'
[3.165s] INFO:colcon.colcon_core.shell:Creating package script '/home/azf/slam_ws/install/fishbot_application/share/fishbot_application/package.zsh'
[3.165s] Level 1:colcon.colcon_core.environment:create_file_with_runtime_dependencies(/home/azf/slam_ws/install/fishbot_application/share/colcon-core/packages/fishbot_application)
[3.166s] DEBUG:colcon.colcon_parallel_executor.executor.parallel:closing loop
[3.166s] DEBUG:colcon.colcon_parallel_executor.executor.parallel:loop closed
[3.166s] DEBUG:colcon.colcon_parallel_executor.executor.parallel:run_until_complete finished with '0'
[3.167s] DEBUG:colcon.colcon_core.event_reactor:joining thread
[3.197s] INFO:colcon.colcon_core.plugin_system:Skipping extension 'colcon_notification.desktop_notification.terminal_notifier': Not used on non-Darwin systems
[3.198s] INFO:colcon.colcon_core.plugin_system:Skipping extension 'colcon_notification.desktop_notification.win32': Not used on non-Windows systems
[3.198s] INFO:colcon.colcon_notification.desktop_notification:Sending desktop notification using 'notify2'
[3.349s] DEBUG:colcon.colcon_core.event_reactor:joined thread
[3.352s] INFO:colcon.colcon_core.shell:Creating prefix script '/home/azf/slam_ws/install/local_setup.ps1'
[3.365s] INFO:colcon.colcon_core.shell:Creating prefix util module '/home/azf/slam_ws/install/_local_setup_util_ps1.py'
[3.374s] INFO:colcon.colcon_core.shell:Creating prefix chain script '/home/azf/slam_ws/install/setup.ps1'
[3.376s] INFO:colcon.colcon_core.shell:Creating prefix script '/home/azf/slam_ws/install/local_setup.sh'
[3.378s] INFO:colcon.colcon_core.shell:Creating prefix util module '/home/azf/slam_ws/install/_local_setup_util_sh.py'
[3.379s] INFO:colcon.colcon_core.shell:Creating prefix chain script '/home/azf/slam_ws/install/setup.sh'
[3.382s] INFO:colcon.colcon_core.shell:Creating prefix script '/home/azf/slam_ws/install/local_setup.bash'
[3.384s] INFO:colcon.colcon_core.shell:Creating prefix chain script '/home/azf/slam_ws/install/setup.bash'
[3.387s] INFO:colcon.colcon_core.shell:Creating prefix script '/home/azf/slam_ws/install/local_setup.zsh'
[3.388s] INFO:colcon.colcon_core.shell:Creating prefix chain script '/home/azf/slam_ws/install/setup.zsh'
