[0.435s] Invoking command in '/home/azf/slam_ws/build/fishbot_navigation2': CMAKE_PREFIX_PATH=${CMAKE_PREFIX_PATH}:/home/azf/slam_ws/install/fishbot_application:/opt/ros/humble /usr/bin/cmake --build /home/azf/slam_ws/build/fishbot_navigation2 -- -j32 -l32
[0.654s] Invoked command in '/home/azf/slam_ws/build/fishbot_navigation2' returned '0': CMAKE_PREFIX_PATH=${CMAKE_PREFIX_PATH}:/home/azf/slam_ws/install/fishbot_application:/opt/ros/humble /usr/bin/cmake --build /home/azf/slam_ws/build/fishbot_navigation2 -- -j32 -l32
[0.685s] Invoking command in '/home/azf/slam_ws/build/fishbot_navigation2': CMAKE_PREFIX_PATH=${CMAKE_PREFIX_PATH}:/home/azf/slam_ws/install/fishbot_application:/opt/ros/humble /usr/bin/cmake --install /home/azf/slam_ws/build/fishbot_navigation2
[0.725s] -- Install configuration: ""
[0.726s] -- Up-to-date: /home/azf/slam_ws/install/fishbot_navigation2/share/fishbot_navigation2/launch
[0.726s] -- Up-to-date: /home/azf/slam_ws/install/fishbot_navigation2/share/fishbot_navigation2/launch/navigation2.launch.py
[0.726s] -- Up-to-date: /home/azf/slam_ws/install/fishbot_navigation2/share/fishbot_navigation2/maps
[0.726s] -- Up-to-date: /home/azf/slam_ws/install/fishbot_navigation2/share/fishbot_navigation2/maps/room.pgm
[0.727s] -- Up-to-date: /home/azf/slam_ws/install/fishbot_navigation2/share/fishbot_navigation2/maps/room.yaml
[0.727s] -- Up-to-date: /home/azf/slam_ws/install/fishbot_navigation2/share/fishbot_navigation2/config
[0.727s] -- Installing: /home/azf/slam_ws/install/fishbot_navigation2/share/fishbot_navigation2/config/nav2_params.yaml
[0.732s] -- Up-to-date: /home/azf/slam_ws/install/fishbot_navigation2/share/ament_index/resource_index/package_run_dependencies/fishbot_navigation2
[0.732s] -- Up-to-date: /home/azf/slam_ws/install/fishbot_navigation2/share/ament_index/resource_index/parent_prefix_path/fishbot_navigation2
[0.733s] -- Up-to-date: /home/azf/slam_ws/install/fishbot_navigation2/share/fishbot_navigation2/environment/ament_prefix_path.sh
[0.733s] -- Up-to-date: /home/azf/slam_ws/install/fishbot_navigation2/share/fishbot_navigation2/environment/ament_prefix_path.dsv
[0.733s] -- Up-to-date: /home/azf/slam_ws/install/fishbot_navigation2/share/fishbot_navigation2/environment/path.sh
[0.733s] -- Up-to-date: /home/azf/slam_ws/install/fishbot_navigation2/share/fishbot_navigation2/environment/path.dsv
[0.733s] -- Up-to-date: /home/azf/slam_ws/install/fishbot_navigation2/share/fishbot_navigation2/local_setup.bash
[0.734s] -- Up-to-date: /home/azf/slam_ws/install/fishbot_navigation2/share/fishbot_navigation2/local_setup.sh
[0.734s] -- Up-to-date: /home/azf/slam_ws/install/fishbot_navigation2/share/fishbot_navigation2/local_setup.zsh
[0.735s] -- Up-to-date: /home/azf/slam_ws/install/fishbot_navigation2/share/fishbot_navigation2/local_setup.dsv
[0.735s] -- Installing: /home/azf/slam_ws/install/fishbot_navigation2/share/fishbot_navigation2/package.dsv
[0.738s] -- Up-to-date: /home/azf/slam_ws/install/fishbot_navigation2/share/ament_index/resource_index/packages/fishbot_navigation2
[0.739s] -- Up-to-date: /home/azf/slam_ws/install/fishbot_navigation2/share/fishbot_navigation2/cmake/fishbot_navigation2Config.cmake
[0.741s] -- Up-to-date: /home/azf/slam_ws/install/fishbot_navigation2/share/fishbot_navigation2/cmake/fishbot_navigation2Config-version.cmake
[0.745s] -- Up-to-date: /home/azf/slam_ws/install/fishbot_navigation2/share/fishbot_navigation2/package.xml
[0.769s] Invoked command in '/home/azf/slam_ws/build/fishbot_navigation2' returned '0': CMAKE_PREFIX_PATH=${CMAKE_PREFIX_PATH}:/home/azf/slam_ws/install/fishbot_application:/opt/ros/humble /usr/bin/cmake --install /home/azf/slam_ws/build/fishbot_navigation2
