[1.838s] Invoking command in '/home/azf/slam_ws/src/fishbot_application': PYTHONPATH=/home/azf/slam_ws/build/fishbot_application/prefix_override:/usr/lib/python3/dist-packages/colcon_core/task/python/colcon_distutils_commands:/home/azf/slam_ws/install/fishbot_application/lib/python3.10/site-packages:${PYTHONPATH} /usr/bin/python3 -W ignore:setup.py install is deprecated -W ignore:easy_install command is deprecated setup.py egg_info --egg-base ../../build/fishbot_application build --build-base /home/azf/slam_ws/build/fishbot_application/build install --record /home/azf/slam_ws/build/fishbot_application/install.log --single-version-externally-managed install_data
[2.217s] running egg_info
[2.217s] writing ../../build/fishbot_application/fishbot_application.egg-info/PKG-INFO
[2.218s] writing dependency_links to ../../build/fishbot_application/fishbot_application.egg-info/dependency_links.txt
[2.218s] writing entry points to ../../build/fishbot_application/fishbot_application.egg-info/entry_points.txt
[2.218s] writing requirements to ../../build/fishbot_application/fishbot_application.egg-info/requires.txt
[2.218s] writing top-level names to ../../build/fishbot_application/fishbot_application.egg-info/top_level.txt
[2.218s] reading manifest file '../../build/fishbot_application/fishbot_application.egg-info/SOURCES.txt'
[2.222s] writing manifest file '../../build/fishbot_application/fishbot_application.egg-info/SOURCES.txt'
[2.222s] running build
[2.223s] running build_py
[2.223s] running install
[2.228s] running install_lib
[2.229s] running install_data
[2.229s] running install_egg_info
[2.231s] removing '/home/azf/slam_ws/install/fishbot_application/lib/python3.10/site-packages/fishbot_application-0.0.0-py3.10.egg-info' (and everything under it)
[2.232s] Copying ../../build/fishbot_application/fishbot_application.egg-info to /home/azf/slam_ws/install/fishbot_application/lib/python3.10/site-packages/fishbot_application-0.0.0-py3.10.egg-info
[2.239s] running install_scripts
[2.269s] Installing get_robot_pose script to /home/azf/slam_ws/install/fishbot_application/lib/fishbot_application
[2.270s] Installing init_robot_pose script to /home/azf/slam_ws/install/fishbot_application/lib/fishbot_application
[2.272s] writing list of installed files to '/home/azf/slam_ws/build/fishbot_application/install.log'
[2.294s] Invoked command in '/home/azf/slam_ws/src/fishbot_application' returned '0': PYTHONPATH=/home/azf/slam_ws/build/fishbot_application/prefix_override:/usr/lib/python3/dist-packages/colcon_core/task/python/colcon_distutils_commands:/home/azf/slam_ws/install/fishbot_application/lib/python3.10/site-packages:${PYTHONPATH} /usr/bin/python3 -W ignore:setup.py install is deprecated -W ignore:easy_install command is deprecated setup.py egg_info --egg-base ../../build/fishbot_application build --build-base /home/azf/slam_ws/build/fishbot_application/build install --record /home/azf/slam_ws/build/fishbot_application/install.log --single-version-externally-managed install_data
