[2.613s] Invoking command in '/home/azf/slam_ws/src/fishbot_application': PYTHONPATH=/home/azf/slam_ws/build/fishbot_application/prefix_override:/usr/lib/python3/dist-packages/colcon_core/task/python/colcon_distutils_commands:/home/azf/slam_ws/install/fishbot_application/lib/python3.10/site-packages:${PYTHONPATH} /usr/bin/python3 -W ignore:setup.py install is deprecated -W ignore:easy_install command is deprecated setup.py egg_info --egg-base ../../build/fishbot_application build --build-base /home/azf/slam_ws/build/fishbot_application/build install --record /home/azf/slam_ws/build/fishbot_application/install.log --single-version-externally-managed install_data
[3.391s] running egg_info
[3.392s] writing ../../build/fishbot_application/fishbot_application.egg-info/PKG-INFO
[3.392s] writing dependency_links to ../../build/fishbot_application/fishbot_application.egg-info/dependency_links.txt
[3.392s] writing entry points to ../../build/fishbot_application/fishbot_application.egg-info/entry_points.txt
[3.393s] writing requirements to ../../build/fishbot_application/fishbot_application.egg-info/requires.txt
[3.393s] writing top-level names to ../../build/fishbot_application/fishbot_application.egg-info/top_level.txt
[3.417s] reading manifest file '../../build/fishbot_application/fishbot_application.egg-info/SOURCES.txt'
[3.427s] writing manifest file '../../build/fishbot_application/fishbot_application.egg-info/SOURCES.txt'
[3.428s] running build
[3.428s] running build_py
[3.429s] running install
[3.430s] running install_lib
[3.430s] running install_data
[3.430s] running install_egg_info
[3.436s] removing '/home/azf/slam_ws/install/fishbot_application/lib/python3.10/site-packages/fishbot_application-0.0.0-py3.10.egg-info' (and everything under it)
[3.436s] Copying ../../build/fishbot_application/fishbot_application.egg-info to /home/azf/slam_ws/install/fishbot_application/lib/python3.10/site-packages/fishbot_application-0.0.0-py3.10.egg-info
[3.443s] running install_scripts
[3.510s] Installing get_robot_pose script to /home/azf/slam_ws/install/fishbot_application/lib/fishbot_application
[3.510s] Installing init_robot_pose script to /home/azf/slam_ws/install/fishbot_application/lib/fishbot_application
[3.512s] Installing path_controller script to /home/azf/slam_ws/install/fishbot_application/lib/fishbot_application
[3.512s] Installing path_visualizer script to /home/azf/slam_ws/install/fishbot_application/lib/fishbot_application
[3.515s] writing list of installed files to '/home/azf/slam_ws/build/fishbot_application/install.log'
[3.559s] Invoked command in '/home/azf/slam_ws/src/fishbot_application' returned '0': PYTHONPATH=/home/azf/slam_ws/build/fishbot_application/prefix_override:/usr/lib/python3/dist-packages/colcon_core/task/python/colcon_distutils_commands:/home/azf/slam_ws/install/fishbot_application/lib/python3.10/site-packages:${PYTHONPATH} /usr/bin/python3 -W ignore:setup.py install is deprecated -W ignore:easy_install command is deprecated setup.py egg_info --egg-base ../../build/fishbot_application build --build-base /home/azf/slam_ws/build/fishbot_application/build install --record /home/azf/slam_ws/build/fishbot_application/install.log --single-version-externally-managed install_data
