[0.719s] Invoking command in '/home/azf/slam_ws/build/fishbot_navigation2': CMAKE_PREFIX_PATH=${CMAKE_PREFIX_PATH}:/home/azf/slam_ws/install/fishbot_application:/opt/ros/humble /usr/bin/cmake --build /home/azf/slam_ws/build/fishbot_navigation2 -- -j32 -l32
[1.161s] Invoked command in '/home/azf/slam_ws/build/fishbot_navigation2' returned '0': CMAKE_PREFIX_PATH=${CMAKE_PREFIX_PATH}:/home/azf/slam_ws/install/fishbot_application:/opt/ros/humble /usr/bin/cmake --build /home/azf/slam_ws/build/fishbot_navigation2 -- -j32 -l32
[1.231s] Invoking command in '/home/azf/slam_ws/build/fishbot_navigation2': CMAKE_PREFIX_PATH=${CMAKE_PREFIX_PATH}:/home/azf/slam_ws/install/fishbot_application:/opt/ros/humble /usr/bin/cmake --install /home/azf/slam_ws/build/fishbot_navigation2
[1.294s] -- Install configuration: ""
[1.294s] -- Up-to-date: /home/azf/slam_ws/install/fishbot_navigation2/share/fishbot_navigation2/launch
[1.295s] -- Up-to-date: /home/azf/slam_ws/install/fishbot_navigation2/share/fishbot_navigation2/launch/navigation2.launch.py
[1.295s] -- Up-to-date: /home/azf/slam_ws/install/fishbot_navigation2/share/fishbot_navigation2/maps
[1.295s] -- Up-to-date: /home/azf/slam_ws/install/fishbot_navigation2/share/fishbot_navigation2/maps/room.pgm
[1.295s] -- Up-to-date: /home/azf/slam_ws/install/fishbot_navigation2/share/fishbot_navigation2/maps/room.yaml
[1.296s] -- Up-to-date: /home/azf/slam_ws/install/fishbot_navigation2/share/fishbot_navigation2/config
[1.297s] -- Up-to-date: /home/azf/slam_ws/install/fishbot_navigation2/share/fishbot_navigation2/config/nav2_params.yaml
[1.297s] -- Up-to-date: /home/azf/slam_ws/install/fishbot_navigation2/share/ament_index/resource_index/package_run_dependencies/fishbot_navigation2
[1.297s] -- Up-to-date: /home/azf/slam_ws/install/fishbot_navigation2/share/ament_index/resource_index/parent_prefix_path/fishbot_navigation2
[1.297s] -- Up-to-date: /home/azf/slam_ws/install/fishbot_navigation2/share/fishbot_navigation2/environment/ament_prefix_path.sh
[1.298s] -- Up-to-date: /home/azf/slam_ws/install/fishbot_navigation2/share/fishbot_navigation2/environment/ament_prefix_path.dsv
[1.298s] -- Up-to-date: /home/azf/slam_ws/install/fishbot_navigation2/share/fishbot_navigation2/environment/path.sh
[1.298s] -- Up-to-date: /home/azf/slam_ws/install/fishbot_navigation2/share/fishbot_navigation2/environment/path.dsv
[1.298s] -- Up-to-date: /home/azf/slam_ws/install/fishbot_navigation2/share/fishbot_navigation2/local_setup.bash
[1.299s] -- Up-to-date: /home/azf/slam_ws/install/fishbot_navigation2/share/fishbot_navigation2/local_setup.sh
[1.299s] -- Up-to-date: /home/azf/slam_ws/install/fishbot_navigation2/share/fishbot_navigation2/local_setup.zsh
[1.299s] -- Up-to-date: /home/azf/slam_ws/install/fishbot_navigation2/share/fishbot_navigation2/local_setup.dsv
[1.299s] -- Installing: /home/azf/slam_ws/install/fishbot_navigation2/share/fishbot_navigation2/package.dsv
[1.300s] -- Up-to-date: /home/azf/slam_ws/install/fishbot_navigation2/share/ament_index/resource_index/packages/fishbot_navigation2
[1.300s] -- Up-to-date: /home/azf/slam_ws/install/fishbot_navigation2/share/fishbot_navigation2/cmake/fishbot_navigation2Config.cmake
[1.300s] -- Up-to-date: /home/azf/slam_ws/install/fishbot_navigation2/share/fishbot_navigation2/cmake/fishbot_navigation2Config-version.cmake
[1.300s] -- Up-to-date: /home/azf/slam_ws/install/fishbot_navigation2/share/fishbot_navigation2/package.xml
[1.312s] Invoked command in '/home/azf/slam_ws/build/fishbot_navigation2' returned '0': CMAKE_PREFIX_PATH=${CMAKE_PREFIX_PATH}:/home/azf/slam_ws/install/fishbot_application:/opt/ros/humble /usr/bin/cmake --install /home/azf/slam_ws/build/fishbot_navigation2
