[0.565s] Invoking command in '/home/azf/slam_ws/build/fishbot_navigation2': CMAKE_PREFIX_PATH=${CMAKE_PREFIX_PATH}:/home/azf/slam_ws/install/fishbot_application:/opt/ros/humble /usr/bin/cmake --build /home/azf/slam_ws/build/fishbot_navigation2 -- -j32 -l32
[0.785s] Invoked command in '/home/azf/slam_ws/build/fishbot_navigation2' returned '0': CMAKE_PREFIX_PATH=${CMAKE_PREFIX_PATH}:/home/azf/slam_ws/install/fishbot_application:/opt/ros/humble /usr/bin/cmake --build /home/azf/slam_ws/build/fishbot_navigation2 -- -j32 -l32
[0.797s] Invoking command in '/home/azf/slam_ws/build/fishbot_navigation2': CMAKE_PREFIX_PATH=${CMAKE_PREFIX_PATH}:/home/azf/slam_ws/install/fishbot_application:/opt/ros/humble /usr/bin/cmake --install /home/azf/slam_ws/build/fishbot_navigation2
[0.828s] -- Install configuration: ""
[0.830s] -- Up-to-date: /home/azf/slam_ws/install/fishbot_navigation2/share/fishbot_navigation2/launch
[0.830s] -- Up-to-date: /home/azf/slam_ws/install/fishbot_navigation2/share/fishbot_navigation2/launch/navigation2.launch.py
[0.830s] -- Up-to-date: /home/azf/slam_ws/install/fishbot_navigation2/share/fishbot_navigation2/maps
[0.831s] -- Up-to-date: /home/azf/slam_ws/install/fishbot_navigation2/share/fishbot_navigation2/maps/room.pgm
[0.831s] -- Up-to-date: /home/azf/slam_ws/install/fishbot_navigation2/share/fishbot_navigation2/maps/room.yaml
[0.831s] -- Up-to-date: /home/azf/slam_ws/install/fishbot_navigation2/share/fishbot_navigation2/config
[0.832s] -- Installing: /home/azf/slam_ws/install/fishbot_navigation2/share/fishbot_navigation2/config/nav2_params.yaml
[0.855s] -- Up-to-date: /home/azf/slam_ws/install/fishbot_navigation2/share/ament_index/resource_index/package_run_dependencies/fishbot_navigation2
[0.856s] -- Up-to-date: /home/azf/slam_ws/install/fishbot_navigation2/share/ament_index/resource_index/parent_prefix_path/fishbot_navigation2
[0.856s] -- Up-to-date: /home/azf/slam_ws/install/fishbot_navigation2/share/fishbot_navigation2/environment/ament_prefix_path.sh
[0.858s] -- Up-to-date: /home/azf/slam_ws/install/fishbot_navigation2/share/fishbot_navigation2/environment/ament_prefix_path.dsv
[0.859s] -- Up-to-date: /home/azf/slam_ws/install/fishbot_navigation2/share/fishbot_navigation2/environment/path.sh
[0.859s] -- Up-to-date: /home/azf/slam_ws/install/fishbot_navigation2/share/fishbot_navigation2/environment/path.dsv
[0.862s] -- Up-to-date: /home/azf/slam_ws/install/fishbot_navigation2/share/fishbot_navigation2/local_setup.bash
[0.864s] -- Up-to-date: /home/azf/slam_ws/install/fishbot_navigation2/share/fishbot_navigation2/local_setup.sh
[0.865s] -- Up-to-date: /home/azf/slam_ws/install/fishbot_navigation2/share/fishbot_navigation2/local_setup.zsh
[0.866s] -- Up-to-date: /home/azf/slam_ws/install/fishbot_navigation2/share/fishbot_navigation2/local_setup.dsv
[0.867s] -- Installing: /home/azf/slam_ws/install/fishbot_navigation2/share/fishbot_navigation2/package.dsv
[0.867s] -- Up-to-date: /home/azf/slam_ws/install/fishbot_navigation2/share/ament_index/resource_index/packages/fishbot_navigation2
[0.875s] -- Up-to-date: /home/azf/slam_ws/install/fishbot_navigation2/share/fishbot_navigation2/cmake/fishbot_navigation2Config.cmake
[0.875s] -- Up-to-date: /home/azf/slam_ws/install/fishbot_navigation2/share/fishbot_navigation2/cmake/fishbot_navigation2Config-version.cmake
[0.876s] -- Up-to-date: /home/azf/slam_ws/install/fishbot_navigation2/share/fishbot_navigation2/package.xml
[0.953s] Invoked command in '/home/azf/slam_ws/build/fishbot_navigation2' returned '0': CMAKE_PREFIX_PATH=${CMAKE_PREFIX_PATH}:/home/azf/slam_ws/install/fishbot_application:/opt/ros/humble /usr/bin/cmake --install /home/azf/slam_ws/build/fishbot_navigation2
