[1.943s] Invoking command in '/home/azf/slam_ws/src/fishbot_application': PYTHONPATH=/home/azf/slam_ws/build/fishbot_application/prefix_override:/usr/lib/python3/dist-packages/colcon_core/task/python/colcon_distutils_commands:/home/azf/slam_ws/install/fishbot_application/lib/python3.10/site-packages:${PYTHONPATH} /usr/bin/python3 -W ignore:setup.py install is deprecated -W ignore:easy_install command is deprecated setup.py egg_info --egg-base ../../build/fishbot_application build --build-base /home/azf/slam_ws/build/fishbot_application/build install --record /home/azf/slam_ws/build/fishbot_application/install.log --single-version-externally-managed install_data
[2.286s] running egg_info
[2.286s] creating ../../build/fishbot_application/fishbot_application.egg-info
[2.288s] writing ../../build/fishbot_application/fishbot_application.egg-info/PKG-INFO
[2.288s] writing dependency_links to ../../build/fishbot_application/fishbot_application.egg-info/dependency_links.txt
[2.288s] writing entry points to ../../build/fishbot_application/fishbot_application.egg-info/entry_points.txt
[2.288s] writing requirements to ../../build/fishbot_application/fishbot_application.egg-info/requires.txt
[2.289s] writing top-level names to ../../build/fishbot_application/fishbot_application.egg-info/top_level.txt
[2.289s] writing manifest file '../../build/fishbot_application/fishbot_application.egg-info/SOURCES.txt'
[2.291s] reading manifest file '../../build/fishbot_application/fishbot_application.egg-info/SOURCES.txt'
[2.291s] writing manifest file '../../build/fishbot_application/fishbot_application.egg-info/SOURCES.txt'
[2.291s] running build
[2.292s] running build_py
[2.292s] creating /home/azf/slam_ws/build/fishbot_application/build
[2.292s] creating /home/azf/slam_ws/build/fishbot_application/build/lib
[2.293s] creating /home/azf/slam_ws/build/fishbot_application/build/lib/fishbot_application
[2.293s] copying fishbot_application/init_robot_pose.py -> /home/azf/slam_ws/build/fishbot_application/build/lib/fishbot_application
[2.294s] copying fishbot_application/get_robot_pose.py -> /home/azf/slam_ws/build/fishbot_application/build/lib/fishbot_application
[2.294s] copying fishbot_application/__init__.py -> /home/azf/slam_ws/build/fishbot_application/build/lib/fishbot_application
[2.295s] copying fishbot_application/nav_to_pose.py -> /home/azf/slam_ws/build/fishbot_application/build/lib/fishbot_application
[2.295s] copying fishbot_application/waypoint_follower.py -> /home/azf/slam_ws/build/fishbot_application/build/lib/fishbot_application
[2.295s] running install
[2.296s] running install_lib
[2.297s] creating /home/azf/slam_ws/install/fishbot_application/lib/python3.10/site-packages/fishbot_application
[2.298s] copying /home/azf/slam_ws/build/fishbot_application/build/lib/fishbot_application/init_robot_pose.py -> /home/azf/slam_ws/install/fishbot_application/lib/python3.10/site-packages/fishbot_application
[2.298s] copying /home/azf/slam_ws/build/fishbot_application/build/lib/fishbot_application/get_robot_pose.py -> /home/azf/slam_ws/install/fishbot_application/lib/python3.10/site-packages/fishbot_application
[2.298s] copying /home/azf/slam_ws/build/fishbot_application/build/lib/fishbot_application/__init__.py -> /home/azf/slam_ws/install/fishbot_application/lib/python3.10/site-packages/fishbot_application
[2.299s] copying /home/azf/slam_ws/build/fishbot_application/build/lib/fishbot_application/nav_to_pose.py -> /home/azf/slam_ws/install/fishbot_application/lib/python3.10/site-packages/fishbot_application
[2.299s] copying /home/azf/slam_ws/build/fishbot_application/build/lib/fishbot_application/waypoint_follower.py -> /home/azf/slam_ws/install/fishbot_application/lib/python3.10/site-packages/fishbot_application
[2.300s] byte-compiling /home/azf/slam_ws/install/fishbot_application/lib/python3.10/site-packages/fishbot_application/init_robot_pose.py to init_robot_pose.cpython-310.pyc
[2.301s] byte-compiling /home/azf/slam_ws/install/fishbot_application/lib/python3.10/site-packages/fishbot_application/get_robot_pose.py to get_robot_pose.cpython-310.pyc
[2.302s] byte-compiling /home/azf/slam_ws/install/fishbot_application/lib/python3.10/site-packages/fishbot_application/__init__.py to __init__.cpython-310.pyc
[2.302s] byte-compiling /home/azf/slam_ws/install/fishbot_application/lib/python3.10/site-packages/fishbot_application/nav_to_pose.py to nav_to_pose.cpython-310.pyc
[2.303s] byte-compiling /home/azf/slam_ws/install/fishbot_application/lib/python3.10/site-packages/fishbot_application/waypoint_follower.py to waypoint_follower.cpython-310.pyc
[2.303s] running install_data
[2.303s] creating /home/azf/slam_ws/install/fishbot_application/share/ament_index
[2.304s] creating /home/azf/slam_ws/install/fishbot_application/share/ament_index/resource_index
[2.305s] creating /home/azf/slam_ws/install/fishbot_application/share/ament_index/resource_index/packages
[2.305s] copying resource/fishbot_application -> /home/azf/slam_ws/install/fishbot_application/share/ament_index/resource_index/packages
[2.305s] copying package.xml -> /home/azf/slam_ws/install/fishbot_application/share/fishbot_application
[2.305s] running install_egg_info
[2.307s] Copying ../../build/fishbot_application/fishbot_application.egg-info to /home/azf/slam_ws/install/fishbot_application/lib/python3.10/site-packages/fishbot_application-0.0.0-py3.10.egg-info
[2.310s] running install_scripts
[2.331s] Installing init_robot_pose script to /home/azf/slam_ws/install/fishbot_application/lib/fishbot_application
[2.332s] writing list of installed files to '/home/azf/slam_ws/build/fishbot_application/install.log'
[2.349s] Invoked command in '/home/azf/slam_ws/src/fishbot_application' returned '0': PYTHONPATH=/home/azf/slam_ws/build/fishbot_application/prefix_override:/usr/lib/python3/dist-packages/colcon_core/task/python/colcon_distutils_commands:/home/azf/slam_ws/install/fishbot_application/lib/python3.10/site-packages:${PYTHONPATH} /usr/bin/python3 -W ignore:setup.py install is deprecated -W ignore:easy_install command is deprecated setup.py egg_info --egg-base ../../build/fishbot_application build --build-base /home/azf/slam_ws/build/fishbot_application/build install --record /home/azf/slam_ws/build/fishbot_application/install.log --single-version-externally-managed install_data
